2019-01-16 10:49:59,374 [ main:0 ] - [ INFO ] Refreshing org.springframework.context.support.ClassPathXmlApplicationContext@532760d8: startup date [Wed Jan 16 10:49:59 CST 2019]; root of context hierarchy
 2019-01-16 10:49:59,455 [ main:81 ] - [ INFO ] Loading XML bean definitions from class path resource [mybatis-spring.xml]
 2019-01-16 10:50:00,338 [ main:964 ] - [ WARN ] Skipping MapperFactoryBean with name 'customerInfoMapper' and 'kehaofei.com.sm.mapping.CustomerInfoMapper' mapperInterface. Bean already defined with the same name!
 2019-01-16 10:50:00,339 [ main:965 ] - [ WARN ] Skipping MapperFactoryBean with name 'goodsInfoMapper' and 'kehaofei.com.sm.mapping.GoodsInfoMapper' mapperInterface. Bean already defined with the same name!
 2019-01-16 10:50:00,340 [ main:966 ] - [ WARN ] Skipping MapperFactoryBean with name 'salesTicketDetailsMapper' and 'kehaofei.com.sm.mapping.SalesTicketDetailsMapper' mapperInterface. Bean already defined with the same name!
 2019-01-16 10:50:00,340 [ main:966 ] - [ WARN ] Skipping MapperFactoryBean with name 'salesTicketInfoMapper' and 'kehaofei.com.sm.mapping.SalesTicketInfoMapper' mapperInterface. Bean already defined with the same name!
 2019-01-16 10:50:00,340 [ main:966 ] - [ WARN ] No MyBatis mapper was found in '[kehaofei.com.sm.mapping]' package. Please check your configuration.
 2019-01-16 10:50:00,353 [ main:979 ] - [ INFO ] Loading properties file from class path resource [accessdb.properties]
 2019-01-16 10:50:00,484 [ MLog-Init-Reporter:1110 ] - [ INFO ] MLog clients using slf4j logging.
 2019-01-16 10:50:00,794 [ main:1420 ] - [ INFO ] Initializing c3p0-0.9.5.2 [built 08-December-2015 22:06:04 -0800; debug? true; trace: 10]
 2019-01-16 10:50:03,579 [ main:4205 ] - [ INFO ] |------ 初始化字体 ------|
 2019-01-16 10:50:06,452 [ AWT-EventQueue-0:7078 ] - [ INFO ] Initializing c3p0 pool... com.mchange.v2.c3p0.ComboPooledDataSource [ acquireIncrement -> 3, acquireRetryAttempts -> 30, acquireRetryDelay -> 1000, autoCommitOnClose -> false, automaticTestTable -> null, breakAfterAcquireFailure -> false, checkoutTimeout -> 0, connectionCustomizerClassName -> null, connectionTesterClassName -> com.mchange.v2.c3p0.impl.DefaultConnectionTester, contextClassLoaderSource -> caller, dataSourceName -> 1bqon8ia0ngp90s2e8h71|1c93084c, debugUnreturnedConnectionStackTraces -> false, description -> null, driverClass -> com.hxtt.sql.access.AccessDriver, extensions -> {}, factoryClassLocation -> null, forceIgnoreUnresolvedTransactions -> false, forceSynchronousCheckins -> false, forceUseNamedDriverClass -> false, identityToken -> 1bqon8ia0ngp90s2e8h71|1c93084c, idleConnectionTestPeriod -> 0, initialPoolSize -> 10, jdbcUrl -> jdbc:access:///DataBase/peijian.mdb, maxAdministrativeTaskTime -> 0, maxConnectionAge -> 0, maxIdleTime -> 300, maxIdleTimeExcessConnections -> 0, maxPoolSize -> 40, maxStatements -> 0, maxStatementsPerConnection -> 0, minPoolSize -> 10, numHelperThreads -> 3, preferredTestQuery -> null, privilegeSpawnedThreads -> false, properties -> {user=******, password=******}, propertyCycle -> 0, statementCacheNumDeferredCloseThreads -> 0, testConnectionOnCheckin -> false, testConnectionOnCheckout -> false, unreturnedConnectionTimeout -> 0, userOverrides -> {}, usesTraditionalReflectiveProxies -> false ]
 2019-01-16 10:50:08,345 [ AWT-EventQueue-0:8971 ] - [ INFO ] |----------------当前选中的日期-----------------|	2019
 2019-01-16 11:21:30,556 [ main:0 ] - [ INFO ] Refreshing org.springframework.context.support.ClassPathXmlApplicationContext@5f8ed237: startup date [Wed Jan 16 11:21:30 CST 2019]; root of context hierarchy
 2019-01-16 11:21:30,590 [ main:34 ] - [ INFO ] Loading XML bean definitions from class path resource [mybatis-spring.xml]
 2019-01-16 11:21:30,886 [ main:330 ] - [ WARN ] Skipping MapperFactoryBean with name 'customerInfoMapper' and 'kehaofei.com.sm.mapping.CustomerInfoMapper' mapperInterface. Bean already defined with the same name!
 2019-01-16 11:21:30,886 [ main:330 ] - [ WARN ] Skipping MapperFactoryBean with name 'goodsInfoMapper' and 'kehaofei.com.sm.mapping.GoodsInfoMapper' mapperInterface. Bean already defined with the same name!
 2019-01-16 11:21:30,886 [ main:330 ] - [ WARN ] Skipping MapperFactoryBean with name 'salesTicketDetailsMapper' and 'kehaofei.com.sm.mapping.SalesTicketDetailsMapper' mapperInterface. Bean already defined with the same name!
 2019-01-16 11:21:30,886 [ main:330 ] - [ WARN ] Skipping MapperFactoryBean with name 'salesTicketInfoMapper' and 'kehaofei.com.sm.mapping.SalesTicketInfoMapper' mapperInterface. Bean already defined with the same name!
 2019-01-16 11:21:30,887 [ main:331 ] - [ WARN ] No MyBatis mapper was found in '[kehaofei.com.sm.mapping]' package. Please check your configuration.
 2019-01-16 11:21:30,899 [ main:343 ] - [ INFO ] Loading properties file from class path resource [accessdb.properties]
 2019-01-16 11:21:30,941 [ MLog-Init-Reporter:385 ] - [ INFO ] MLog clients using slf4j logging.
 2019-01-16 11:21:31,238 [ main:682 ] - [ INFO ] Initializing c3p0-0.9.5.2 [built 08-December-2015 22:06:04 -0800; debug? true; trace: 10]
 2019-01-16 11:21:31,793 [ main:1237 ] - [ INFO ] |------ 初始化字体 ------|
 2019-01-16 11:21:33,894 [ AWT-EventQueue-0:3338 ] - [ INFO ] Initializing c3p0 pool... com.mchange.v2.c3p0.ComboPooledDataSource [ acquireIncrement -> 3, acquireRetryAttempts -> 30, acquireRetryDelay -> 1000, autoCommitOnClose -> false, automaticTestTable -> null, breakAfterAcquireFailure -> false, checkoutTimeout -> 0, connectionCustomizerClassName -> null, connectionTesterClassName -> com.mchange.v2.c3p0.impl.DefaultConnectionTester, contextClassLoaderSource -> caller, dataSourceName -> 1hgeiufa0nhtroloczkbx|10e92f8f, debugUnreturnedConnectionStackTraces -> false, description -> null, driverClass -> com.hxtt.sql.access.AccessDriver, extensions -> {}, factoryClassLocation -> null, forceIgnoreUnresolvedTransactions -> false, forceSynchronousCheckins -> false, forceUseNamedDriverClass -> false, identityToken -> 1hgeiufa0nhtroloczkbx|10e92f8f, idleConnectionTestPeriod -> 0, initialPoolSize -> 10, jdbcUrl -> jdbc:access:///DataBase/peijian.mdb, maxAdministrativeTaskTime -> 0, maxConnectionAge -> 0, maxIdleTime -> 300, maxIdleTimeExcessConnections -> 0, maxPoolSize -> 40, maxStatements -> 0, maxStatementsPerConnection -> 0, minPoolSize -> 10, numHelperThreads -> 3, preferredTestQuery -> null, privilegeSpawnedThreads -> false, properties -> {user=******, password=******}, propertyCycle -> 0, statementCacheNumDeferredCloseThreads -> 0, testConnectionOnCheckin -> false, testConnectionOnCheckout -> false, unreturnedConnectionTimeout -> 0, userOverrides -> {}, usesTraditionalReflectiveProxies -> false ]
 2019-01-16 11:21:35,277 [ AWT-EventQueue-0:4721 ] - [ INFO ] |----------------当前选中的日期-----------------|	2019
 